<?xml version="1.0" encoding="UTF-8"?>
<!-- Generated by org.testng.reporters.JUnitReportReporter -->
<testsuite skipped="0" hostname="ADCUMDLBB7FT3" name="CommandLine" tests="1" failures="0" timestamp="2020-07-27T01:18:12 PDT" time="0.010" errors="0">
  <testcase name="Test1" time="0.010" classname="CommandLine"/>
  <system-out/>
</testsuite> <!-- CommandLine -->
